<?xml version="1.0" encoding="UTF-8"?>
<testng-results ignored="0" total="0" passed="0" failed="0" skipped="0">
  <reporter-output>
  </reporter-output>
  <suite started-at="2019-06-15T14:52:34Z" name="POMDemo.POMDemoProject.AppTest" finished-at="2019-06-15T14:52:34Z" duration-ms="7">
    <groups>
    </groups>
    <test started-at="2019-06-15T14:52:34Z" name="Command line test" finished-at="2019-06-15T14:52:34Z" duration-ms="7">
    </test> <!-- Command line test -->
  </suite> <!-- POMDemo.POMDemoProject.AppTest -->
</testng-results>
